<?xml version="1.0" encoding="UTF-8"?>
<!-- Generated by org.testng.reporters.JUnitReportReporter -->
<testsuite hostname="MaheshGHuddar" failures="0" tests="1" name="testcase.T001_logintest" time="0.904" errors="0" timestamp="2024-10-09T19:42:42 IST" skipped="0">
  <testcase classname="testcase.T001_logintest" name="logincheck" time="0.904"/>
</testsuite> <!-- testcase.T001_logintest -->
